./24.fa.txt_orf1	sp|Q07788|COS7_YEAST	100.00	383	0	0	1	383	1	383	0.0	779
./24.fa.txt_orf2	sp|P0CD99|MPH2_YEAST	100.00	609	0	0	1	609	1	609	0.0	1254
./24.fa.txt_orf3_rev	sp|Q07786|DHSO2_YEAST	100.00	357	0	0	1	357	1	357	0.0	726
./24.fa.txt_orf4_rev	sp|P54854|HXT15_YEAST	100.00	567	0	0	1	567	1	567	0.0	1161
./24.fa.txt_orf5	sp|Q07748|THI13_YEAST	100.00	340	0	0	1	340	1	340	0.0	707
./24.fa.txt_orf6_rev	sp|Q07747|AAD4_YEAST	100.00	329	0	0	1	329	1	329	0.0	686
./24.fa.txt_orf7	sp|Q07746|YD242_YEAST	100.00	117	0	0	1	117	1	117	9e-84	239
./24.fa.txt_orf8	sp|Q07738|YD241_YEAST	100.00	123	0	0	1	123	1	123	4e-89	254
./24.fa.txt_orf9	sp|P35688|LRG1_YEAST	100.00	1017	0	0	1	1017	1	1017	0.0	2118
./24.fa.txt_orf10_rev	sp|Q07732|ADY3_YEAST	100.00	790	0	0	1	790	1	790	0.0	1599
./24.fa.txt_orf11_rev	sp|Q07729|GUAD_YEAST	100.00	489	0	0	1	489	1	489	0.0	1023
./24.fa.txt_orf12	sp|Q07716|AIM6_YEAST	100.00	390	0	0	1	390	1	390	0.0	803
./24.fa.txt_orf13	sp|P19881|PNPP_YEAST	100.00	312	0	0	1	312	1	312	0.0	643
./24.fa.txt_orf14_rev	sp|Q07688|YPD1_YEAST	100.00	167	0	0	1	167	1	167	7e-121	338
./24.fa.txt_orf15_rev	sp|P48365|GYP7_YEAST	100.00	746	0	0	1	746	1	746	0.0	1536
./24.fa.txt_orf16	sp|Q07684|MFG1_YEAST	100.00	458	0	0	1	458	1	458	0.0	945
./24.fa.txt_orf17_rev	sp|Q07660|BRE4_YEAST	100.00	1125	0	0	1	1125	1	1125	0.0	2330
./24.fa.txt_orf18	sp|P25044|PTP1_YEAST	100.00	335	0	0	1	335	1	335	0.0	707
./24.fa.txt_orf19	sp|P11484|SSB1_YEAST	100.00	613	0	0	1	613	1	613	0.0	1246
./24.fa.txt_orf20_rev	sp|P09932|HO_YEAST	100.00	586	0	0	1	586	1	586	0.0	1222
./24.fa.txt_orf21_rev	sp|P35197|GCS1_YEAST	100.00	352	0	0	1	352	1	352	0.0	734
./24.fa.txt_orf22	sp|Q07657|SHS1_YEAST	100.00	551	0	0	1	551	1	551	0.0	1131
./24.fa.txt_orf23_rev	sp|Q07655|WHI4_YEAST	100.00	649	0	0	1	649	1	649	0.0	1319
./24.fa.txt_orf24_rev	sp|Q07653|HBT1_YEAST	100.00	1046	0	0	1	1046	1	1046	0.0	2136
./24.fa.txt_orf25_rev	sp|Q07651|FMP45_YEAST	100.00	309	0	0	1	309	1	309	0.0	635
./24.fa.txt_orf26_rev	sp|P32797|CDC13_YEAST	100.00	924	0	0	1	924	1	924	0.0	1914
./24.fa.txt_orf27	sp|Q07648|DTD_YEAST	100.00	123	0	0	1	123	28	150	3e-87	249
./24.fa.txt_orf28	sp|Q07629|YD218_YEAST	100.00	317	0	0	1	317	1	317	0.0	658
./24.fa.txt_orf29_rev	sp|Q12328|TIM22_YEAST	100.00	207	0	0	1	207	1	207	3e-153	423
./24.fa.txt_orf30_rev	sp|Q12468|CSN5_YEAST	100.00	440	0	0	16	455	1	440	0.0	914
./24.fa.txt_orf31_rev	sp|P33327|DHE2_YEAST	100.00	1092	0	0	1	1092	1	1092	0.0	2240
./24.fa.txt_orf32_rev	sp|Q12310|PRR2_YEAST	100.00	699	0	0	1	699	1	699	0.0	1449
./24.fa.txt_orf33_rev	sp|Q07623|NOP6_YEAST	100.00	225	0	0	1	225	1	225	2e-161	446
./24.fa.txt_orf34	sp|Q02774|SHR3_YEAST	100.00	210	0	0	1	210	1	210	3e-159	439
./24.fa.txt_orf35_rev	sp|Q12121|YD211_YEAST	100.00	372	0	0	1	372	1	372	0.0	742
./24.fa.txt_orf36	sp|P32837|UGA4_YEAST	100.00	571	0	0	1	571	1	571	0.0	1160
./24.fa.txt_orf37_rev	sp|Q12046|CWC2_YEAST	100.00	339	0	0	1	339	1	339	0.0	702
./24.fa.txt_orf38	sp|P32495|NHP2_YEAST	100.00	156	0	0	18	173	1	156	2e-109	309
./24.fa.txt_orf39	sp|Q12315|GLE1_YEAST	100.00	538	0	0	1	538	1	538	0.0	1101
./24.fa.txt_orf40	sp|Q12424|YD206_YEAST	100.00	762	0	0	1	762	1	762	0.0	1546
./24.fa.txt_orf41_rev	sp|P28789|HEM3_YEAST	100.00	327	0	0	1	327	1	327	0.0	669
./24.fa.txt_orf42	sp|Q12443|RTN2_YEAST	100.00	393	0	0	1	393	1	393	0.0	810
./24.fa.txt_orf43_rev	sp|Q07622|ACK1_YEAST	100.00	623	0	0	1	623	1	623	0.0	1291
./24.fa.txt_orf44	sp|P36521|RM11_YEAST	100.00	249	0	0	1	249	1	249	0.0	514
./24.fa.txt_orf45	sp|Q12009|TRMB_YEAST	100.00	286	0	0	1	286	1	286	0.0	600
./24.fa.txt_orf46_rev	sp|P26188|MGMT_YEAST	100.00	188	0	0	19	206	1	188	2e-139	387
./24.fa.txt_orf47_rev	sp|Q12407|YD199_YEAST	100.00	687	0	0	1	687	1	687	0.0	1401
./24.fa.txt_orf48_rev	sp|P38988|GGC1_YEAST	100.00	300	0	0	1	300	1	300	0.0	612
./24.fa.txt_orf49_rev	sp|P32448|ASF2_YEAST	100.00	525	0	0	1	525	1	525	0.0	1063
./24.fa.txt_orf51	sp|P38968|SEC31_YEAST	100.00	1273	0	0	1	1273	1	1273	0.0	2600
./24.fa.txt_orf52	sp|P10870|SNF3_YEAST	100.00	884	0	0	1	884	1	884	0.0	1822
./24.fa.txt_orf53	sp|Q12063|UPPS_YEAST	100.00	375	0	0	1	375	1	375	0.0	773
./24.fa.txt_orf54	sp|P11076|ARF1_YEAST	100.00	181	0	0	1	181	1	181	1e-134	374
./24.fa.txt_orf55_rev	sp|P54860|UFD2_YEAST	100.00	961	0	0	1	961	1	961	0.0	1971
./24.fa.txt_orf56	sp|Q05672|RBS1_YEAST	100.00	457	0	0	1	457	1	457	0.0	942
./24.fa.txt_orf57_rev	sp|P23595|PP2A2_YEAST	100.00	377	0	0	1	377	1	377	0.0	791
./24.fa.txt_orf58	sp|P48568|YD186_YEAST	100.00	277	0	0	1	277	1	277	0.0	578
./24.fa.txt_orf59	sp|P17255|VATA_YEAST	100.00	1071	0	0	1	1071	1	1071	0.0	2219
./24.fa.txt_orf60_rev	sp|P48569|YD183_YEAST	100.00	320	0	0	1	320	1	320	0.0	644
./24.fa.txt_orf61	sp|P48570|HOSC_YEAST	100.00	428	0	0	1	428	1	428	0.0	879
./24.fa.txt_orf62	sp|Q12301|YD180_YEAST	100.00	547	0	0	1	547	1	547	0.0	1126
./24.fa.txt_orf63	sp|Q12477|PCL9_YEAST	100.00	304	0	0	1	304	1	304	0.0	627
./24.fa.txt_orf64	sp|P46681|DLD2_YEAST	100.00	530	0	0	1	530	1	530	0.0	1086
./24.fa.txt_orf65_rev	sp|Q12257|YD177_YEAST	100.00	170	0	0	1	170	1	170	1e-126	353
./24.fa.txt_orf66	sp|Q12027|YD176_YEAST	100.00	708	0	0	1	708	1	708	0.0	1471
./24.fa.txt_orf67_rev	sp|Q12476|AIR2_YEAST	100.00	344	0	0	1	344	1	344	0.0	714
./24.fa.txt_orf68_rev	sp|P32891|DLD1_YEAST	100.00	587	0	0	1	587	1	587	0.0	1223
./24.fa.txt_orf69	sp|Q12515|PAR32_YEAST	100.00	295	0	0	1	295	1	295	0.0	591
./24.fa.txt_orf70_rev	sp|Q12680|GLT1_YEAST	100.00	2145	0	0	1	2145	1	2145	0.0	4450
./24.fa.txt_orf71	sp|P26370|UGA3_YEAST	100.00	528	0	0	1	528	1	528	0.0	1083
./24.fa.txt_orf72_rev	sp|P32772|UGX2_YEAST	100.00	223	0	0	1	223	1	223	4e-169	465
./24.fa.txt_orf73	sp|P32771|FADH_YEAST	100.00	386	0	0	1	386	1	386	0.0	788
./24.fa.txt_orf74_rev	sp|P32770|NRP1_YEAST	100.00	719	0	0	1	719	1	719	0.0	1466
./24.fa.txt_orf75_rev	sp|Q12055|KAD6_YEAST	100.00	197	0	0	1	197	1	197	2e-147	407
./24.fa.txt_orf76	sp|P06100|NOT2_YEAST	100.00	191	0	0	1	191	1	191	5e-144	398
./24.fa.txt_orf77_rev	sp|P04819|DNLI1_YEAST	100.00	755	0	0	1	755	1	755	0.0	1562
./24.fa.txt_orf79	sp|Q12518|ENT1_YEAST	100.00	454	0	0	1	454	1	454	0.0	930
./24.fa.txt_orf80_rev	sp|P39517|DHH1_YEAST	100.00	506	0	0	1	506	1	506	0.0	1055
./24.fa.txt_orf81	sp|P06784|STE7_YEAST	100.00	515	0	0	1	515	1	515	0.0	1056
./24.fa.txt_orf82_rev	sp|Q12082|YD157_YEAST	100.00	118	0	0	1	118	1	118	2e-86	246
./24.fa.txt_orf83	sp|Q12510|CMR1_YEAST	100.00	522	0	0	1	522	1	522	0.0	1080
./24.fa.txt_orf84	sp|P24870|CG23_YEAST	100.00	427	0	0	1	427	1	427	0.0	885
./24.fa.txt_orf85	sp|Q12175|MSH5_YEAST	100.00	901	0	0	1	901	1	901	0.0	1849
./24.fa.txt_orf86_rev	sp|Q12136|SAS10_YEAST	100.00	610	0	0	1	610	1	610	0.0	1229
./24.fa.txt_orf87	sp|P25441|RPC4_YEAST	100.00	422	0	0	1	422	1	422	0.0	845
./24.fa.txt_orf88	sp|Q12142|ATG9_YEAST	100.00	997	0	0	1	997	1	997	0.0	2058
./24.fa.txt_orf89_rev	sp|Q99207|NOP14_YEAST	100.00	810	0	0	1	810	1	810	0.0	1653
./24.fa.txt_orf90	sp|Q12250|RPN5_YEAST	100.00	445	0	0	1	445	1	445	0.0	897
./24.fa.txt_orf91	sp|Q12342|LDB17_YEAST	100.00	491	0	0	1	491	1	491	0.0	1006
./24.fa.txt_orf92_rev	sp|P53622|COPA_YEAST	100.00	1201	0	0	1	1201	1	1201	0.0	2496
./24.fa.txt_orf93_rev	sp|Q07589|YD144_YEAST	100.00	356	0	0	4	359	1	356	0.0	736
./24.fa.txt_orf94	sp|P39078|TCPD_YEAST	100.00	528	0	0	1	528	1	528	0.0	1065
./24.fa.txt_orf95_rev	sp|Q07560|CRD1_YEAST	100.00	283	0	0	1	283	1	283	0.0	578
./24.fa.txt_orf96	sp|P48445|BPL1_YEAST	100.00	690	0	0	1	690	1	690	0.0	1432
./24.fa.txt_orf97_rev	sp|P04050|RPB1_YEAST	100.00	1733	0	0	1	1733	1	1733	0.0	3594
./24.fa.txt_orf98_rev	sp|Q12334|SCM3_YEAST	100.00	223	0	0	25	247	1	223	3e-161	446
./24.fa.txt_orf99	sp|Q12300|RGT2_YEAST	100.00	763	0	0	1	763	1	763	0.0	1563
./24.fa.txt_orf100	sp|P19146|ARF2_YEAST	100.00	181	0	0	1	181	1	181	1e-134	374
./24.fa.txt_orf101_rev	sp|Q12434|GDIR_YEAST	100.00	202	0	0	1	202	1	202	5e-148	409
./24.fa.txt_orf102_rev	sp|P23594|PP2A1_YEAST	100.00	369	0	0	1	369	1	369	0.0	775
./24.fa.txt_orf103	sp|Q12516|SRF1_YEAST	100.00	437	0	0	1	437	1	437	0.0	907
./24.fa.txt_orf104	sp|Q12018|CDC53_YEAST	100.00	815	0	0	1	815	1	815	0.0	1692
./24.fa.txt_orf105	sp|Q12122|HOSM_YEAST	100.00	440	0	0	1	440	1	440	0.0	906
./24.fa.txt_orf106	sp|Q07555|YD129_YEAST	100.00	291	0	0	1	291	1	291	0.0	583
./24.fa.txt_orf107	sp|Q99385|VCX1_YEAST	100.00	411	0	0	1	411	1	411	0.0	828
./24.fa.txt_orf108	sp|P25693|PCL2_YEAST	100.00	308	0	0	1	308	1	308	0.0	624
./24.fa.txt_orf109_rev	sp|P25694|CDC48_YEAST	100.00	835	0	0	1	835	1	835	0.0	1703
./24.fa.txt_orf110	sp|Q07551|KAR_YEAST	100.00	312	0	0	1	312	1	312	0.0	643
./24.fa.txt_orf111	sp|Q07549|SNA4_YEAST	100.00	140	0	0	1	140	1	140	2e-101	286
./24.fa.txt_orf112	sp|P25037|UBP1_YEAST	100.00	809	0	0	1	809	1	809	0.0	1672
./24.fa.txt_orf113_rev	sp|Q07541|YD121_YEAST	100.00	149	0	0	1	149	1	149	2e-105	297
./24.fa.txt_orf114	sp|Q07540|FRDA_YEAST	100.00	174	0	0	1	174	1	174	1e-130	363
./24.fa.txt_orf115_rev	sp|Q07534|S2538_YEAST	100.00	307	0	0	1	307	1	307	0.0	626
./24.fa.txt_orf116	sp|Q07533|CYK3_YEAST	100.00	885	0	0	1	885	1	885	0.0	1834
./24.fa.txt_orf117	sp|P52891|NUP84_YEAST	100.00	726	0	0	1	726	1	726	0.0	1479
./24.fa.txt_orf118_rev	sp|Q07532|IWR1_YEAST	100.00	240	0	0	1	240	114	353	4e-174	483
./24.fa.txt_orf119	sp|Q07530|YD114_YEAST	100.00	308	0	0	1	308	1	308	0.0	635
./24.fa.txt_orf120_rev	sp|Q07528|ATG20_YEAST	100.00	640	0	0	1	640	1	640	0.0	1309
./24.fa.txt_orf121	sp|Q07527|TRM3_YEAST	100.00	1436	0	0	1	1436	1	1436	0.0	2944
./24.fa.txt_orf122_rev	sp|Q12277|RRP42_YEAST	100.00	265	0	0	1	265	1	265	0.0	530
./24.fa.txt_orf123_rev	sp|Q12513|TMA17_YEAST	100.00	150	0	0	1	150	1	150	6e-109	306
./24.fa.txt_orf124_rev	sp|Q12103|YD109_YEAST	100.00	647	0	0	1	647	1	647	0.0	1345
./24.fa.txt_orf125	sp|P06242|KIN28_YEAST	100.00	258	0	0	1	258	49	306	0.0	540
./24.fa.txt_orf126	sp|P40990|MSS2_YEAST	100.00	351	0	0	1	351	1	351	0.0	721
./24.fa.txt_orf127_rev	sp|P07269|PHO2_YEAST	100.00	559	0	0	1	559	1	559	0.0	1135
./24.fa.txt_orf128	sp|P43124|NSE4_YEAST	100.00	402	0	0	1	402	1	402	0.0	832
./24.fa.txt_orf129_rev	sp|P43122|QRI7_YEAST	100.00	407	0	0	1	407	1	407	0.0	840
./24.fa.txt_orf130_rev	sp|P43123|UAP1_YEAST	100.00	477	0	0	1	477	1	477	0.0	985
./24.fa.txt_orf131	sp|P15436|DPOD_YEAST	100.00	1097	0	0	1	1097	1	1097	0.0	2284
./24.fa.txt_orf132_rev	sp|P39009|DUN1_YEAST	100.00	513	0	0	1	513	1	513	0.0	1060
./24.fa.txt_orf133_rev	sp|Q12154|GET3_YEAST	100.00	354	0	0	1	354	1	354	0.0	734
./24.fa.txt_orf134	sp|Q12191|BUG1_YEAST	100.00	341	0	0	1	341	1	341	0.0	675
./24.fa.txt_orf135_rev	sp|Q12368|SNU23_YEAST	100.00	194	0	0	1	194	1	194	2e-145	402
./24.fa.txt_orf136_rev	sp|Q12377|RPN6_YEAST	100.00	434	0	0	1	434	1	434	0.0	889
./24.fa.txt_orf137	sp|P33775|PMT1_YEAST	100.00	817	0	0	1	817	1	817	0.0	1699
./24.fa.txt_orf138	sp|P52867|PMT5_YEAST	100.00	743	0	0	1	743	1	743	0.0	1537
./24.fa.txt_orf139	sp|P38985|SRP14_YEAST	100.00	146	0	0	1	146	1	146	2e-107	302
./24.fa.txt_orf140_rev	sp|Q12229|UBX3_YEAST	100.00	455	0	0	1	455	1	455	0.0	937
./24.fa.txt_orf141_rev	sp|P22007|FNTB_YEAST	100.00	431	0	0	1	431	1	431	0.0	901
./24.fa.txt_orf142	sp|Q12066|NUR1_YEAST	100.00	484	0	0	1	484	1	484	0.0	998
./24.fa.txt_orf143_rev	sp|Q05166|NUP59_YEAST	100.00	528	0	0	1	528	1	528	0.0	1078
./24.fa.txt_orf144_rev	sp|Q07508|LUC7_YEAST	100.00	261	0	0	1	261	1	261	0.0	543
./24.fa.txt_orf145	sp|Q07505|DLHH_YEAST	100.00	273	0	0	1	273	1	273	0.0	566
./24.fa.txt_orf146	sp|Q07500|NDH2_YEAST	100.00	545	0	0	1	545	1	545	0.0	1128
./24.fa.txt_orf147	sp|Q07478|SUB2_YEAST	100.00	446	0	0	1	446	1	446	0.0	921
./24.fa.txt_orf148_rev	sp|P05318|RLA1_YEAST	100.00	106	0	0	1	106	1	106	2e-69	202
./24.fa.txt_orf149_rev	sp|Q07471|THI3_YEAST	100.00	609	0	0	1	609	1	609	0.0	1272
./24.fa.txt_orf150_rev	sp|P50873|MRK1_YEAST	99.73	364	1	0	12	375	138	501	0.0	764
./24.fa.txt_orf151_rev	sp|P50873|MRK1_YEAST	100.00	137	0	0	1	137	1	137	1e-90	272
./24.fa.txt_orf152_rev	sp|P32419|MDHP_YEAST	100.00	343	0	0	1	343	1	343	0.0	692
./24.fa.txt_orf153_rev	sp|Q07468|VAM6_YEAST	100.00	1049	0	0	1	1049	1	1049	0.0	2163
./24.fa.txt_orf154_rev	sp|Q07458|RXT3_YEAST	100.00	294	0	0	1	294	1	294	0.0	611
./24.fa.txt_orf155_rev	sp|Q07457|BRE1_YEAST	100.00	700	0	0	1	700	1	700	0.0	1402
./24.fa.txt_orf156	sp|Q07454|YD073_YEAST	100.00	984	0	0	1	984	1	984	0.0	2019
./24.fa.txt_orf157_rev	sp|Q07451|YET3_YEAST	100.00	203	0	0	1	203	1	203	1e-147	409
./24.fa.txt_orf159	sp|Q07442|BDF2_YEAST	100.00	638	0	0	1	638	1	638	0.0	1303
./24.fa.txt_orf160_rev	sp|P14066|CBS1_YEAST	100.00	229	0	0	5	233	1	229	5e-168	462
./24.fa.txt_orf161	sp|P21954|IDHP_YEAST	100.00	428	0	0	1	428	1	428	0.0	887
./24.fa.txt_orf162_rev	sp|Q07418|PEX19_YEAST	100.00	342	0	0	9	350	1	342	0.0	686
./24.fa.txt_orf163	sp|P50623|UBC9_YEAST	100.00	122	0	0	1	122	36	157	3e-88	253
./24.fa.txt_orf164_rev	sp|Q07395|SYO1_YEAST	100.00	620	0	0	1	620	1	620	0.0	1258
./24.fa.txt_orf165	sp|Q07381|TSR1_YEAST	100.00	788	0	0	1	788	1	788	0.0	1631
./24.fa.txt_orf166_rev	sp|Q12223|RAD59_YEAST	100.00	238	0	0	1	238	1	238	6e-180	493
./24.fa.txt_orf167	sp|P25386|USO1_YEAST	100.00	1790	0	0	1	1790	1	1790	0.0	3554
./24.fa.txt_orf168	sp|Q07379|YD057_YEAST	100.00	328	0	0	1	328	1	328	0.0	687
./24.fa.txt_orf169	sp|P39678|MBP1_YEAST	100.00	833	0	0	1	833	1	833	0.0	1719
./24.fa.txt_orf170_rev	sp|P41940|MPG1_YEAST	100.00	361	0	0	1	361	1	361	0.0	729
./24.fa.txt_orf171_rev	sp|Q07376|MCH1_YEAST	100.00	486	0	0	1	486	1	486	0.0	974
./24.fa.txt_orf172_rev	sp|Q07362|PBP4_YEAST	100.00	185	0	0	1	185	1	185	8e-135	375
./24.fa.txt_orf173_rev	sp|P33333|PLSC_YEAST	100.00	303	0	0	1	303	1	303	0.0	629
./24.fa.txt_orf174	sp|P33399|LHP1_YEAST	100.00	275	0	0	1	275	1	275	0.0	560
./24.fa.txt_orf175_rev	sp|P50112|KNH1_YEAST	100.00	268	0	0	1	268	1	268	0.0	557
./24.fa.txt_orf176_rev	sp|Q07351|STP4_YEAST	100.00	490	0	0	1	490	1	490	0.0	1001
./24.fa.txt_orf177	sp|P20604|PP11_YEAST	100.00	311	0	0	1	311	1	311	0.0	655
./24.fa.txt_orf178	sp|Q12408|NPC2_YEAST	100.00	173	0	0	1	173	1	173	5e-124	346
./24.fa.txt_orf179_rev	sp|P38913|FAD1_YEAST	100.00	306	0	0	1	306	1	306	0.0	640
./24.fa.txt_orf180_rev	sp|P10849|MTF2_YEAST	100.00	440	0	0	1	440	1	440	0.0	899
./24.fa.txt_orf181_rev	sp|Q07350|PRP11_YEAST	100.00	266	0	0	1	266	1	266	0.0	549
./24.fa.txt_orf182_rev	sp|P06700|SIR2_YEAST	100.00	562	0	0	1	562	1	562	0.0	1167
./24.fa.txt_orf183_rev	sp|P12945|NAT1_YEAST	100.00	854	0	0	1	854	1	854	0.0	1756
./24.fa.txt_orf184_rev	sp|Q12459|PRM7_YEAST	100.00	698	0	0	1	698	1	698	0.0	1269
./24.fa.txt_orf185_rev	sp|Q12140|BSC1_YEAST	100.00	328	0	0	1	328	1	328	0.0	603
./24.fa.txt_orf186_rev	sp|Q12069|PUS9_YEAST	100.00	462	0	0	1	462	1	462	0.0	962
./24.fa.txt_orf187_rev	sp|Q12361|GPR1_YEAST	100.00	961	0	0	1	961	1	961	0.0	1971
./24.fa.txt_orf188_rev	sp|Q12093|MTU1_YEAST	100.00	417	0	0	1	417	1	417	0.0	873
./24.fa.txt_orf189	sp|Q12389|DBP10_YEAST	100.00	995	0	0	1	995	1	995	0.0	2043
./24.fa.txt_orf190	sp|P19736|PRP9_YEAST	100.00	530	0	0	1	530	1	530	0.0	1092
./24.fa.txt_orf191	sp|P32381|ARP2_YEAST	100.00	337	0	0	1	337	55	391	0.0	696
./24.fa.txt_orf192_rev	sp|P54199|MPS1_YEAST	100.00	764	0	0	1	764	1	764	0.0	1576
./24.fa.txt_orf193_rev	sp|Q07349|MRX9_YEAST	100.00	420	0	0	1	420	1	420	0.0	848
./24.fa.txt_orf194_rev	sp|Q12100|RTK1_YEAST	100.00	620	0	0	1	620	1	620	0.0	1285
./24.fa.txt_orf195_rev	sp|P52290|PPAD_YEAST	100.00	468	0	0	1	468	1	468	0.0	974
./24.fa.txt_orf196	sp|Q00055|GPD1_YEAST	100.00	391	0	0	1	391	1	391	0.0	810
./24.fa.txt_orf197	sp|Q12008|PMG2_YEAST	100.00	311	0	0	1	311	1	311	0.0	643
./24.fa.txt_orf198_rev	sp|Q03465|RPN4_YEAST	100.00	531	0	0	1	531	1	531	0.0	1099
./24.fa.txt_orf199_rev	sp|Q12451|OSH2_YEAST	100.00	1283	0	0	1	1283	1	1283	0.0	2650
./24.fa.txt_orf200_rev	sp|Q12403|ERP3_YEAST	100.00	225	0	0	1	225	1	225	5e-171	470
./24.fa.txt_orf201	sp|P06243|CDC7_YEAST	100.00	507	0	0	1	507	1	507	0.0	1061
./24.fa.txt_orf202_rev	sp|Q99190|TECR_YEAST	100.00	310	0	0	1	310	1	310	0.0	636
./24.fa.txt_orf203	sp|P15646|FBRL_YEAST	100.00	327	0	0	1	327	1	327	0.0	640
./24.fa.txt_orf204	sp|P32828|SLX5_YEAST	100.00	619	0	0	1	619	1	619	0.0	1275
./24.fa.txt_orf205	sp|Q12438|GLRX6_YEAST	100.00	231	0	0	1	231	1	231	1e-171	472
./24.fa.txt_orf206	sp|Q12157|APC11_YEAST	100.00	165	0	0	1	165	1	165	3e-124	346
./24.fa.txt_orf207	sp|P40327|PRS4_YEAST	100.00	437	0	0	1	437	1	437	0.0	886
./24.fa.txt_orf208	sp|P35182|PP2C1_YEAST	100.00	281	0	0	1	281	1	281	0.0	583
./24.fa.txt_orf209_rev	sp|Q12124|MED2_YEAST	100.00	431	0	0	1	431	1	431	0.0	846
./24.fa.txt_orf210	sp|Q12165|ATPD_YEAST	100.00	160	0	0	1	160	1	160	1e-113	319
./24.fa.txt_orf211	sp|Q12158|SCC1_YEAST	100.00	566	0	0	1	566	1	566	0.0	1156
./24.fa.txt_orf212_rev	sp|Q03435|NHP10_YEAST	100.00	203	0	0	1	203	1	203	2e-147	408
./24.fa.txt_orf213	sp|Q03441|RMD1_YEAST	100.00	430	0	0	1	430	1	430	0.0	891
./24.fa.txt_orf214_rev	sp|P32356|TREA_YEAST	100.00	751	0	0	1	751	1	751	0.0	1572
./24.fa.txt_orf215	sp|P41920|YRB1_YEAST	100.00	201	0	0	1	201	1	201	1e-145	403
./24.fa.txt_orf216	sp|Q03446|RCR2_YEAST	100.00	210	0	0	1	210	1	210	4e-158	436
./24.fa.txt_orf217	sp|P25301|RAD57_YEAST	100.00	460	0	0	1	460	1	460	0.0	955
./24.fa.txt_orf218_rev	sp|P41910|MAF1_YEAST	100.00	238	0	0	1	238	158	395	6e-174	484
./24.fa.txt_orf219_rev	sp|P40317|SOK1_YEAST	100.00	901	0	0	1	901	1	901	0.0	1851
./24.fa.txt_orf220	sp|P00912|TRPF_YEAST	100.00	224	0	0	1	224	1	224	5e-166	457
./24.fa.txt_orf221	sp|P13045|GAL3_YEAST	100.00	520	0	0	1	520	1	520	0.0	1090
./24.fa.txt_orf222_rev	sp|Q12426|YDR10_YEAST	100.00	110	0	0	1	110	1	110	1e-80	231
./24.fa.txt_orf223	sp|P32568|SNQ2_YEAST	100.00	1501	0	0	1	1501	1	1501	0.0	3130
./24.fa.txt_orf224	sp|P49626|RL4B_YEAST	100.00	362	0	0	1	362	1	362	0.0	734
./24.fa.txt_orf225	sp|Q12488|PSF1_YEAST	100.00	208	0	0	1	208	1	208	7e-154	425
./24.fa.txt_orf226	sp|Q99359|RAD61_YEAST	100.00	647	0	0	1	647	1	647	0.0	1309
./24.fa.txt_orf227	sp|Q03937|HED1_YEAST	100.00	162	0	0	1	162	1	162	1e-117	329
./24.fa.txt_orf228_rev	sp|Q12494|KCS1_YEAST	100.00	1050	0	0	1	1050	1	1050	0.0	2190
./24.fa.txt_orf229_rev	sp|Q12185|YD018_YEAST	100.00	396	0	0	1	396	1	396	0.0	822
./24.fa.txt_orf230_rev	sp|P48015|GCST_YEAST	100.00	400	0	0	1	400	1	400	0.0	830
./24.fa.txt_orf231_rev	sp|Q12084|DAS2_YEAST	100.00	232	0	0	1	232	1	232	1e-172	474
./24.fa.txt_orf232	sp|Q12099|FAL1_YEAST	100.00	399	0	0	1	399	1	399	0.0	820
./24.fa.txt_orf233_rev	sp|Q12421|ATG31_YEAST	100.00	196	0	0	1	196	1	196	2e-140	390
./24.fa.txt_orf234	sp|P07284|SYSC_YEAST	100.00	462	0	0	1	462	1	462	0.0	953
./24.fa.txt_orf236_rev	sp|Q12457|NSI1_YEAST	100.00	570	0	0	1	570	1	570	0.0	1178
./24.fa.txt_orf237_rev	sp|Q12071|VPS54_YEAST	100.00	889	0	0	1	889	1	889	0.0	1831
./24.fa.txt_orf238_rev	sp|Q00816|REG1_YEAST	100.00	1014	0	0	1	1014	1	1014	0.0	2071
./24.fa.txt_orf239	sp|Q12111|YD029_YEAST	100.00	104	0	0	1	104	1	104	4e-69	201
./24.fa.txt_orf240_rev	sp|Q12021|RAD28_YEAST	100.00	506	0	0	1	506	1	506	0.0	1053
./24.fa.txt_orf241	sp|Q04341|MIX14_YEAST	100.00	121	0	0	1	121	1	121	6e-86	245
./24.fa.txt_orf242_rev	sp|Q12335|PST2_YEAST	100.00	198	0	0	1	198	1	198	3e-146	405
./24.fa.txt_orf243	sp|Q12117|MRH1_YEAST	100.00	320	0	0	1	320	1	320	0.0	663
./24.fa.txt_orf244_rev	sp|P40971|LYS14_YEAST	100.00	790	0	0	1	790	1	790	0.0	1634
./24.fa.txt_orf245_rev	sp|Q12472|YD21B_YEAST	99.93	1342	1	0	5	1346	429	1770	0.0	2781
./24.fa.txt_orf246_rev	sp|Q12392|YD21A_YEAST	100.00	438	0	0	1	438	1	438	0.0	908
./24.fa.txt_orf247	sp|P14843|AROF_YEAST	100.00	370	0	0	1	370	1	370	0.0	764
./24.fa.txt_orf248_rev	sp|P28817|HIBCH_YEAST	100.00	500	0	0	1	500	1	500	0.0	1045
./24.fa.txt_orf249	sp|P15180|SYKC_YEAST	100.00	591	0	0	1	591	1	591	0.0	1233
./24.fa.txt_orf250_rev	sp|Q12691|ATN5_YEAST	100.00	1091	0	0	1	1091	1	1091	0.0	2258
./24.fa.txt_orf251_rev	sp|Q01896|ATN2_YEAST	100.00	1091	0	0	1	1091	1	1091	0.0	2260
./24.fa.txt_orf252_rev	sp|P13587|ATN1_YEAST	100.00	1091	0	0	1	1091	1	1091	0.0	2263
./24.fa.txt_orf253	sp|Q03201|RT10_YEAST	100.00	203	0	0	1	203	1	203	5e-153	422
./24.fa.txt_orf254_rev	sp|Q03205|YD042_YEAST	100.00	200	0	0	1	200	1	200	2e-145	403
./24.fa.txt_orf255_rev	sp|Q03125|NRG1_YEAST	100.00	231	0	0	1	231	1	231	4e-177	486
./24.fa.txt_orf256	sp|P11353|HEM6_YEAST	100.00	328	0	0	1	328	1	328	0.0	688
./24.fa.txt_orf257_rev	sp|Q04307|RPC10_YEAST	100.00	110	0	0	1	110	1	110	2e-81	233
./24.fa.txt_orf258_rev	sp|P41815|BAP3_YEAST	100.00	604	0	0	1	604	1	604	0.0	1248
./24.fa.txt_orf259	sp|P32347|DCUP_YEAST	100.00	362	0	0	1	362	1	362	0.0	750
./24.fa.txt_orf260	sp|Q04311|VMS1_YEAST	100.00	632	0	0	1	632	1	632	0.0	1308
./24.fa.txt_orf261_rev	sp|P00942|TPIS_YEAST	100.00	248	0	0	1	248	1	248	0.0	504
./24.fa.txt_orf262_rev	sp|Q99288|DET1_YEAST	100.00	334	0	0	1	334	1	334	0.0	699
./24.fa.txt_orf263_rev	sp|P32325|DBF4_YEAST	100.00	704	0	0	1	704	1	704	0.0	1461
./24.fa.txt_orf264_rev	sp|P14682|UBC3_YEAST	100.00	295	0	0	1	295	1	295	0.0	597
./24.fa.txt_orf265	sp|Q12355|PST1_YEAST	100.00	444	0	0	1	444	1	444	0.0	850
./24.fa.txt_orf266_rev	sp|Q12025|YD056_YEAST	100.00	205	0	0	1	205	1	205	5e-152	420
./24.fa.txt_orf267	sp|Q99220|OS9_YEAST	100.00	542	0	0	1	542	1	542	0.0	1119
./24.fa.txt_orf268_rev	sp|P54857|TGL2_YEAST	100.00	326	0	0	1	326	1	326	0.0	676
./24.fa.txt_orf269_rev	sp|P15732|UBC5_YEAST	100.00	110	0	0	1	110	39	148	2e-78	226
./24.fa.txt_orf270	sp|Q12176|MAK21_YEAST	100.00	1025	0	0	1	1025	1	1025	0.0	2079
./24.fa.txt_orf271	sp|Q12298|YD061_YEAST	100.00	539	0	0	1	539	1	539	0.0	1118
./24.fa.txt_orf272	sp|P40970|LCB2_YEAST	100.00	561	0	0	1	561	1	561	0.0	1166
./24.fa.txt_orf273	sp|Q12156|AIM7_YEAST	100.00	149	0	0	1	149	1	149	3e-107	302
./24.fa.txt_orf274	sp|P05756|RS13_YEAST	100.00	144	0	0	22	165	8	151	3e-103	292
./24.fa.txt_orf275	sp|Q12167|RRG1_YEAST	100.00	365	0	0	1	365	1	365	0.0	747
./24.fa.txt_orf276_rev	sp|Q12378|RTR2_YEAST	100.00	196	0	0	1	196	1	196	8e-147	406
./24.fa.txt_orf277_rev	sp|Q12454|OCA6_YEAST	100.00	224	0	0	1	224	1	224	2e-167	461
./24.fa.txt_orf278	sp|P54858|DOS2_YEAST	100.00	310	0	0	1	310	1	310	0.0	616
./24.fa.txt_orf279_rev	sp|P32571|UBP4_YEAST	100.00	926	0	0	1	926	1	926	0.0	1908
./24.fa.txt_orf280_rev	sp|Q12447|PAA1_YEAST	100.00	191	0	0	1	191	1	191	2e-139	387
./24.fa.txt_orf281_rev	sp|P38954|IPT1_YEAST	100.00	527	0	0	1	527	1	527	0.0	1083
./24.fa.txt_orf282	sp|P38956|SNF11_YEAST	100.00	169	0	0	1	169	1	169	5e-117	328
./24.fa.txt_orf283	sp|P31688|TPS2_YEAST	100.00	896	0	0	1	896	1	896	0.0	1868
./24.fa.txt_orf284	sp|P32345|PP4C_YEAST	100.00	308	0	0	1	308	1	308	0.0	642
./24.fa.txt_orf285	sp|P38953|RAD55_YEAST	100.00	406	0	0	1	406	1	406	0.0	831
./24.fa.txt_orf286	sp|Q01589|SED1_YEAST	100.00	338	0	0	1	338	1	338	0.0	615
./24.fa.txt_orf287_rev	sp|P38957|SHU2_YEAST	100.00	223	0	0	1	223	1	223	1e-163	451
./24.fa.txt_orf288	sp|P38958|PT100_YEAST	100.00	111	0	0	1	111	1	111	1e-77	223
./24.fa.txt_orf289	sp|P38959|VPS41_YEAST	100.00	992	0	0	1	992	1	992	0.0	2030
./24.fa.txt_orf290_rev	sp|P32896|PDC2_YEAST	100.00	925	0	0	1	925	1	925	0.0	1899
./24.fa.txt_orf291	sp|P38960|STN1_YEAST	100.00	494	0	0	1	494	1	494	0.0	1021
./24.fa.txt_orf292	sp|P38961|RRP8_YEAST	100.00	392	0	0	20	411	1	392	0.0	803
./24.fa.txt_orf293_rev	sp|P38962|TVP23_YEAST	100.00	199	0	0	1	199	1	199	1e-148	411
./24.fa.txt_orf294_rev	sp|P33304|AFR1_YEAST	100.00	620	0	0	1	620	1	620	0.0	1286
./24.fa.txt_orf295_rev	sp|P35178|RRP1_YEAST	100.00	278	0	0	1	278	1	278	0.0	563
./24.fa.txt_orf296_rev	sp|Q02775|SLU7_YEAST	100.00	382	0	0	1	382	1	382	0.0	786
./24.fa.txt_orf297	sp|P38966|YD089_YEAST	100.00	869	0	0	1	869	1	869	0.0	1766
./24.fa.txt_orf298_rev	sp|Q03193|YD090_YEAST	100.00	310	0	0	1	310	1	310	0.0	637
./24.fa.txt_orf299_rev	sp|Q03195|RLI1_YEAST	100.00	608	0	0	1	608	1	608	0.0	1247
./24.fa.txt_orf300	sp|Q12675|ATC4_YEAST	100.00	1612	0	0	1	1612	1	1612	0.0	3344
./24.fa.txt_orf302	sp|Q03833|GIS1_YEAST	100.00	894	0	0	1	894	1	894	0.0	1822
./24.fa.txt_orf303_rev	sp|Q03834|MSH6_YEAST	100.00	1242	0	0	1	1242	1	1242	0.0	2586
./24.fa.txt_orf304_rev	sp|Q03835|GLRX3_YEAST	100.00	250	0	0	36	285	1	250	0.0	515
./24.fa.txt_orf305_rev	sp|Q03855|YD11B_YEAST	100.00	1155	0	0	1	1155	601	1755	0.0	2395
./24.fa.txt_orf306_rev	sp|Q03856|YD11A_YEAST	100.00	440	0	0	1	440	1	440	0.0	909
./24.fa.txt_orf307	sp|P34730|BMH2_YEAST	100.00	273	0	0	1	273	1	273	0.0	557
./24.fa.txt_orf308	sp|Q03860|TVP15_YEAST	100.00	143	0	0	1	143	1	143	2e-98	279
./24.fa.txt_orf309_rev	sp|Q03862|ARX1_YEAST	100.00	593	0	0	1	593	1	593	0.0	1224
./24.fa.txt_orf310_rev	sp|Q03864|YD102_YEAST	100.00	110	0	0	1	110	1	110	2e-78	226
./24.fa.txt_orf311	sp|P32917|STE5_YEAST	100.00	917	0	0	1	917	1	917	0.0	1877
./24.fa.txt_orf312_rev	sp|Q03868|SPO71_YEAST	100.00	1245	0	0	1	1245	1	1245	0.0	2589
./24.fa.txt_orf313_rev	sp|Q12116|TMS1_YEAST	100.00	473	0	0	1	473	1	473	0.0	972
./24.fa.txt_orf314	sp|Q04549|ARP10_YEAST	100.00	284	0	0	1	284	1	284	0.0	582
./24.fa.txt_orf316_rev	sp|Q04562|TMN2_YEAST	100.00	672	0	0	1	672	1	672	0.0	1380
./24.fa.txt_orf317	sp|P46944|TRS85_YEAST	100.00	698	0	0	1	698	1	698	0.0	1451
./24.fa.txt_orf318_rev	sp|Q04585|YDR09_YEAST	100.00	715	0	0	1	715	1	715	0.0	1492
./24.fa.txt_orf319	sp|O13329|FOB1_YEAST	100.00	566	0	0	1	566	1	566	0.0	1181
./24.fa.txt_orf320_rev	sp|P52892|ALAT_YEAST	100.00	507	0	0	1	507	1	507	0.0	1053
./24.fa.txt_orf321_rev	sp|P40316|SECU_YEAST	100.00	373	0	0	1	373	1	373	0.0	750
./24.fa.txt_orf322_rev	sp|Q04597|YDR14_YEAST	100.00	100	0	0	1	100	1	100	1e-69	202
./24.fa.txt_orf323	sp|Q04598|RM34_YEAST	100.00	105	0	0	1	105	1	105	1e-70	205
./24.fa.txt_orf324_rev	sp|Q04599|RM01_YEAST	100.00	285	0	0	1	285	1	285	0.0	580
./24.fa.txt_orf325_rev	sp|Q04600|TMA64_YEAST	100.00	565	0	0	1	565	1	565	0.0	1159
./24.fa.txt_orf326	sp|Q04601|APC4_YEAST	100.00	652	0	0	1	652	1	652	0.0	1333
./24.fa.txt_orf327	sp|Q04602|VBA4_YEAST	100.00	768	0	0	1	768	1	768	0.0	1577
./24.fa.txt_orf328_rev	sp|P15565|TRM1_YEAST	100.00	570	0	0	1	570	1	570	0.0	1190
./24.fa.txt_orf329	sp|Q04603|DPB4_YEAST	100.00	196	0	0	1	196	1	196	1e-143	398
./24.fa.txt_orf330	sp|P13185|KIN1_YEAST	100.00	1064	0	0	1	1064	1	1064	0.0	2219
./24.fa.txt_orf331_rev	sp|P26798|INO2_YEAST	100.00	304	0	0	1	304	1	304	0.0	625
./24.fa.txt_orf332	sp|Q04608|YD124_YEAST	100.00	324	0	0	1	324	1	324	0.0	662
./24.fa.txt_orf333_rev	sp|Q04623|ECM18_YEAST	100.00	453	0	0	1	453	1	453	0.0	937
./24.fa.txt_orf334	sp|Q04629|SWF1_YEAST	100.00	336	0	0	1	336	1	336	0.0	695
./24.fa.txt_orf335	sp|P08566|ARO1_YEAST	100.00	1588	0	0	1	1588	1	1588	0.0	3286
./24.fa.txt_orf336	sp|Q03897|WDR59_YEAST	100.00	1148	0	0	1	1148	1	1148	0.0	2390
./24.fa.txt_orf337_rev	sp|P32599|FIMB_YEAST	100.00	297	0	0	1	297	346	642	0.0	607
./24.fa.txt_orf337_rev	sp|P32599|FIMB_YEAST	24.80	254	159	7	66	293	139	386	9e-17	75.9
./24.fa.txt_orf338_rev	sp|Q03898|FIN1_YEAST	100.00	291	0	0	1	291	1	291	0.0	587
./24.fa.txt_orf339_rev	sp|Q03899|YD131_YEAST	100.00	556	0	0	1	556	1	556	0.0	1144
./24.fa.txt_orf340_rev	sp|Q03900|YD132_YEAST	100.00	495	0	0	1	495	1	495	0.0	1018
./24.fa.txt_orf342_rev	sp|P39109|YCFI_YEAST	100.00	1515	0	0	1	1515	1	1515	0.0	3128
./24.fa.txt_orf344	sp|P16664|RGP1_YEAST	100.00	663	0	0	1	663	1	663	0.0	1364
./24.fa.txt_orf345	sp|P17629|HPR1_YEAST	100.00	752	0	0	1	752	1	752	0.0	1539
./24.fa.txt_orf346	sp|Q03920|MTQ2_YEAST	100.00	221	0	0	1	221	1	221	5e-166	457
./24.fa.txt_orf347_rev	sp|Q03921|DOP1_YEAST	100.00	1698	0	0	1	1698	1	1698	0.0	3438
./24.fa.txt_orf348_rev	sp|P39108|PEX7_YEAST	100.00	375	0	0	1	375	1	375	0.0	782
./24.fa.txt_orf349_rev	sp|P22470|SAN1_YEAST	100.00	610	0	0	1	610	1	610	0.0	1233
./24.fa.txt_orf350_rev	sp|P53379|MKC7_YEAST	100.00	596	0	0	1	596	1	596	0.0	1207
./24.fa.txt_orf351	sp|Q03761|TAF12_YEAST	100.00	539	0	0	1	539	1	539	0.0	1097
./24.fa.txt_orf352_rev	sp|P08153|SWI5_YEAST	100.00	709	0	0	1	709	1	709	0.0	1463
./24.fa.txt_orf353	sp|Q03764|EKI1_YEAST	100.00	534	0	0	1	534	1	534	0.0	1108
./24.fa.txt_orf354_rev	sp|P19262|ODO2_YEAST	100.00	463	0	0	1	463	1	463	0.0	941
./24.fa.txt_orf355	sp|Q00402|NUM1_YEAST	100.00	2748	0	0	1	2748	1	2748	0.0	5579
./24.fa.txt_orf356_rev	sp|P47976|CTH1_YEAST	100.00	325	0	0	1	325	1	325	0.0	665
./24.fa.txt_orf357	sp|Q03768|GIR2_YEAST	100.00	265	0	0	1	265	1	265	0.0	539
./24.fa.txt_orf358_rev	sp|Q03769|ENT5_YEAST	100.00	411	0	0	1	411	1	411	0.0	847
./24.fa.txt_orf359_rev	sp|P14832|CYPH_YEAST	100.00	162	0	0	1	162	1	162	3e-119	333
./24.fa.txt_orf360	sp|P50106|RPA14_YEAST	100.00	137	0	0	1	137	1	137	1e-97	276
./24.fa.txt_orf361	sp|A0A023PZE8|YD57W_YEAST	100.00	133	0	0	1	133	1	133	4e-94	267
./24.fa.txt_orf362	sp|P13663|DHAS_YEAST	100.00	365	0	0	1	365	1	365	0.0	747
./24.fa.txt_orf363	sp|P46674|SAC3_YEAST	100.00	1301	0	0	1	1301	1	1301	0.0	2687
./24.fa.txt_orf364	sp|Q03770|SSY1_YEAST	100.00	852	0	0	1	852	1	852	0.0	1758
./24.fa.txt_orf365	sp|Q03771|ACL4_YEAST	100.00	387	0	0	1	387	1	387	0.0	780
./24.fa.txt_orf366_rev	sp|Q12163|NBP2_YEAST	100.00	236	0	0	1	236	1	236	2e-174	479
./24.fa.txt_orf367	sp|Q03772|CWC15_YEAST	100.00	175	0	0	1	175	1	175	5e-130	362
./24.fa.txt_orf368_rev	sp|P30619|SEC1_YEAST	100.00	724	0	0	1	724	1	724	0.0	1484
./24.fa.txt_orf369	sp|Q03774|TRM82_YEAST	100.00	444	0	0	1	444	1	444	0.0	912
./24.fa.txt_orf370_rev	sp|P89102|SEC5_YEAST	100.00	971	0	0	1	971	1	971	0.0	1971
./24.fa.txt_orf371	sp|Q12030|TAF10_YEAST	100.00	206	0	0	1	206	1	206	3e-152	421
./24.fa.txt_orf372	sp|P06101|CDC37_YEAST	100.00	506	0	0	1	506	1	506	0.0	1019
./24.fa.txt_orf373_rev	sp|Q12427|STB3_YEAST	100.00	513	0	0	1	513	1	513	0.0	1046
./24.fa.txt_orf374_rev	sp|P11075|SEC7_YEAST	100.00	2009	0	0	1	2009	1	2009	0.0	4136
./24.fa.txt_orf375	sp|Q03964|YD17A_YEAST	100.00	440	0	0	1	440	1	440	0.0	917
./24.fa.txt_orf376	sp|Q07793|YD13B_YEAST	98.62	218	3	0	1	218	601	818	5e-153	462
./24.fa.txt_orf377	sp|Q12329|HSP42_YEAST	100.00	375	0	0	1	375	1	375	0.0	766
./24.fa.txt_orf378	sp|P05453|ERF3_YEAST	100.00	685	0	0	1	685	1	685	0.0	1419
./24.fa.txt_orf379_rev	sp|P07250|IPMK_YEAST	100.00	355	0	0	1	355	1	355	0.0	722
./24.fa.txt_orf380	sp|Q03973|HMO1_YEAST	100.00	246	0	0	1	246	1	246	1e-180	496
./24.fa.txt_orf381_rev	sp|Q03976|RT24_YEAST	100.00	319	0	0	1	319	1	319	0.0	661
./24.fa.txt_orf382	sp|P32494|NGG1_YEAST	100.00	702	0	0	1	702	1	702	0.0	1426
./24.fa.txt_orf383	sp|P21734|UBC1_YEAST	100.00	215	0	0	1	215	1	215	5e-162	446
./24.fa.txt_orf384	sp|P37298|DHSD_YEAST	100.00	181	0	0	1	181	1	181	5e-136	377
./24.fa.txt_orf385_rev	sp|Q03981|CSN9_YEAST	100.00	162	0	0	1	162	1	162	2e-117	329
./24.fa.txt_orf386	sp|Q03983|YD179_YEAST	100.00	463	0	0	1	463	1	463	0.0	955
./24.fa.txt_orf387	sp|Q04002|SCC2_YEAST	100.00	1493	0	0	1	1493	1	1493	0.0	3033
./24.fa.txt_orf388_rev	sp|Q04003|SAS4_YEAST	100.00	481	0	0	1	481	1	481	0.0	984
./24.fa.txt_orf389	sp|P40986|CDC1_YEAST	100.00	491	0	0	1	491	1	491	0.0	1026
./24.fa.txt_orf390	sp|Q04004|PLP1_YEAST	100.00	230	0	0	1	230	1	230	1e-171	471
./24.fa.txt_orf391_rev	sp|Q04005|LIC4_YEAST	100.00	294	0	0	1	294	1	294	0.0	591
./24.fa.txt_orf392_rev	sp|Q04006|UPS3_YEAST	100.00	179	0	0	1	179	1	179	3e-135	375
./24.fa.txt_orf393_rev	sp|Q04007|SND1_YEAST	100.00	877	0	0	1	877	1	877	0.0	1773
./24.fa.txt_orf394	sp|P39079|TCPZ_YEAST	100.00	546	0	0	1	546	1	546	0.0	1115
./24.fa.txt_orf395	sp|P22213|SLY1_YEAST	100.00	666	0	0	1	666	1	666	0.0	1355
./24.fa.txt_orf396_rev	sp|Q03940|RUVB1_YEAST	100.00	463	0	0	1	463	1	463	0.0	930
./24.fa.txt_orf397	sp|P53688|HST4_YEAST	100.00	370	0	0	1	370	1	370	0.0	764
./24.fa.txt_orf398_rev	sp|P49686|NUP42_YEAST	100.00	430	0	0	1	430	1	430	0.0	788
./24.fa.txt_orf399_rev	sp|P15424|MS116_YEAST	100.00	664	0	0	1	664	1	664	0.0	1358
./24.fa.txt_orf400	sp|P42073|REF2_YEAST	100.00	533	0	0	1	533	1	533	0.0	1074
./24.fa.txt_orf401_rev	sp|Q03941|CAB5_YEAST	100.00	241	0	0	1	241	1	241	0.0	498
./24.fa.txt_orf402	sp|P14905|CBS2_YEAST	100.00	389	0	0	1	389	1	389	0.0	796
./24.fa.txt_orf403_rev	sp|Q03942|RKM2_YEAST	100.00	479	0	0	1	479	1	479	0.0	978
./24.fa.txt_orf404_rev	sp|Q03944|VPS64_YEAST	100.00	604	0	0	1	604	1	604	0.0	1234
./24.fa.txt_orf405	sp|Q03954|SPC19_YEAST	100.00	165	0	0	1	165	1	165	7e-116	325
./24.fa.txt_orf406_rev	sp|Q03956|RAV2_YEAST	100.00	351	0	0	1	351	1	351	0.0	722
./24.fa.txt_orf407	sp|O13525|COQ4_YEAST	100.00	335	0	0	1	335	1	335	0.0	692
./24.fa.txt_orf408	sp|Q03455|MSC2_YEAST	100.00	724	0	0	17	740	1	724	0.0	1463
./24.fa.txt_orf409	sp|Q03466|EBS1_YEAST	100.00	884	0	0	1	884	1	884	0.0	1825
./24.fa.txt_orf410_rev	sp|P39001|UME6_YEAST	100.00	836	0	0	1	836	1	836	0.0	1709
./24.fa.txt_orf411	sp|P38994|MSS4_YEAST	100.00	779	0	0	1	779	1	779	0.0	1610
./24.fa.txt_orf412_rev	sp|Q03480|YD209_YEAST	100.00	137	0	0	1	137	1	137	1e-94	269
./24.fa.txt_orf413	sp|Q03483|YD22A_YEAST	100.00	438	0	0	1	438	1	438	0.0	909
./24.fa.txt_orf414	sp|Q03494|YD22B_YEAST	99.93	1342	1	0	5	1346	429	1770	0.0	2781
./24.fa.txt_orf415_rev	sp|Q99231|YD12B_YEAST	100.00	1155	0	0	1	1155	601	1755	0.0	2395
./24.fa.txt_orf416_rev	sp|Q12441|YD12A_YEAST	100.00	440	0	0	1	440	1	440	0.0	910
./24.fa.txt_orf418	sp|P32501|EI2BE_YEAST	100.00	712	0	0	1	712	1	712	0.0	1471
./24.fa.txt_orf419	sp|P12612|TCPA_YEAST	100.00	559	0	0	1	559	1	559	0.0	1133
./24.fa.txt_orf420	sp|Q12151|UPC2_YEAST	100.00	913	0	0	1	913	1	913	0.0	1894
./24.fa.txt_orf421	sp|Q12449|AHA1_YEAST	100.00	350	0	0	1	350	1	350	0.0	716
./24.fa.txt_orf422_rev	sp|Q12240|YD215_YEAST	100.00	137	0	0	1	137	1	137	9e-100	282
./24.fa.txt_orf423	sp|P07248|ADR1_YEAST	100.00	1323	0	0	1	1323	1	1323	0.0	2723
./24.fa.txt_orf424_rev	sp|P14737|RAD9_YEAST	100.00	1309	0	0	1	1309	1	1309	0.0	2693
./24.fa.txt_orf425_rev	sp|Q04921|SPR28_YEAST	100.00	423	0	0	1	423	1	423	0.0	867
./24.fa.txt_orf426_rev	sp|Q04922|MFB1_YEAST	100.00	465	0	0	1	465	1	465	0.0	952
./24.fa.txt_orf427	sp|Q04924|GLU2B_YEAST	100.00	702	0	0	1	702	1	702	0.0	1444
./24.fa.txt_orf428	sp|Q04925|YDR22_YEAST	100.00	415	0	0	1	415	1	415	0.0	859
./24.fa.txt_orf429	sp|Q04930|CRF1_YEAST	100.00	467	0	0	1	467	1	467	0.0	949
./24.fa.txt_orf430_rev	sp|P02293|H2B1_YEAST	100.00	131	0	0	1	131	1	131	5e-91	259
./24.fa.txt_orf431	sp|P04911|H2A1_YEAST	100.00	132	0	0	1	132	1	132	4e-92	262
./24.fa.txt_orf432	sp|P07170|KAD2_YEAST	100.00	222	0	0	1	222	1	222	7e-166	456
./24.fa.txt_orf433	sp|P11978|SIR4_YEAST	100.00	1358	0	0	1	1358	1	1358	0.0	2752
./24.fa.txt_orf434_rev	sp|P39081|PCF11_YEAST	100.00	626	0	0	1	626	1	626	0.0	1293
./24.fa.txt_orf435	sp|Q04934|IVY1_YEAST	100.00	453	0	0	1	453	1	453	0.0	929
./24.fa.txt_orf436_rev	sp|Q04935|COX20_YEAST	100.00	205	0	0	1	205	1	205	1e-152	421
./24.fa.txt_orf437	sp|P09950|HEM1_YEAST	100.00	548	0	0	1	548	1	548	0.0	1138
./24.fa.txt_orf438_rev	sp|Q04947|RTN1_YEAST	100.00	295	0	0	1	295	1	295	0.0	603
./24.fa.txt_orf439	sp|P49367|LYS4_YEAST	100.00	693	0	0	1	693	1	693	0.0	1430
./24.fa.txt_orf440	sp|Q03776|PRP42_YEAST	100.00	544	0	0	1	544	1	544	0.0	1103
./24.fa.txt_orf441_rev	sp|Q03778|RIFK_YEAST	100.00	218	0	0	1	218	1	218	6e-163	449
./24.fa.txt_orf442	sp|P36519|RM07_YEAST	100.00	292	0	0	1	292	1	292	0.0	608
./24.fa.txt_orf443_rev	sp|P41810|COPB_YEAST	100.00	973	0	0	1	973	1	973	0.0	1994
./24.fa.txt_orf444_rev	sp|Q03780|YD239_YEAST	100.00	787	0	0	1	787	1	787	0.0	1589
./24.fa.txt_orf445_rev	sp|Q03782|SNU56_YEAST	100.00	492	0	0	1	492	1	492	0.0	1027
./24.fa.txt_orf446	sp|P22580|AMDY_YEAST	100.00	549	0	0	1	549	1	549	0.0	1135
./24.fa.txt_orf447_rev	sp|P23394|PRP28_YEAST	100.00	588	0	0	1	588	1	588	0.0	1212
./24.fa.txt_orf448	sp|P35056|PEX5_YEAST	100.00	612	0	0	1	612	1	612	0.0	1273
./24.fa.txt_orf449	sp|P50108|MNN10_YEAST	100.00	393	0	0	1	393	1	393	0.0	813
./24.fa.txt_orf450	sp|Q03784|TRS23_YEAST	100.00	219	0	0	1	219	1	219	1e-165	456
./24.fa.txt_orf451	sp|Q03785|VHS1_YEAST	100.00	461	0	0	1	461	1	461	0.0	950
./24.fa.txt_orf452_rev	sp|Q03786|GNTK_YEAST	100.00	193	0	0	1	193	1	193	2e-143	397
./24.fa.txt_orf453_rev	sp|Q03787|YD249_YEAST	100.00	373	0	0	1	373	1	373	0.0	766
./24.fa.txt_orf454	sp|P37304|PAM1_YEAST	100.00	830	0	0	1	830	1	830	0.0	1696
./24.fa.txt_orf455	sp|P40314|NACB2_YEAST	100.00	149	0	0	1	149	1	149	5e-109	306
./24.fa.txt_orf456_rev	sp|Q12041|MET32_YEAST	100.00	191	0	0	1	191	1	191	8e-141	390
./24.fa.txt_orf457	sp|P38907|CENPN_YEAST	100.00	458	0	0	1	458	1	458	0.0	941
./24.fa.txt_orf458_rev	sp|Q12508|RMD5_YEAST	100.00	421	0	0	1	421	1	421	0.0	867
./24.fa.txt_orf459_rev	sp|P15202|CATA_YEAST	100.00	515	0	0	1	515	1	515	0.0	1083
./24.fa.txt_orf460_rev	sp|Q12504|RKM4_YEAST	100.00	494	0	0	1	494	1	494	0.0	1004
./24.fa.txt_orf461_rev	sp|P33416|HSP78_YEAST	100.00	811	0	0	1	811	1	811	0.0	1644
./24.fa.txt_orf462_rev	sp|Q03935|YAP6_YEAST	100.00	383	0	0	1	383	1	383	0.0	773
./24.fa.txt_orf463_rev	sp|Q12379|SWM1_YEAST	100.00	170	0	0	1	170	1	170	1e-127	355
./24.fa.txt_orf464_rev	sp|P52911|EXG2_YEAST	100.00	562	0	0	1	562	1	562	0.0	1159
./24.fa.txt_orf465	sp|Q99303|YD23A_YEAST	100.00	438	0	0	1	438	1	438	0.0	909
./24.fa.txt_orf466	sp|Q07791|YD23B_YEAST	99.93	1342	1	0	5	1346	429	1770	0.0	2779
./24.fa.txt_orf467_rev	sp|Q07793|YD13B_YEAST	100.00	1004	0	0	1	1004	601	1604	0.0	2087
./24.fa.txt_orf468_rev	sp|O74302|YD13A_YEAST	100.00	440	0	0	1	440	1	440	0.0	910
./24.fa.txt_orf469	sp|Q12331|YFAS1_YEAST	100.00	272	0	0	1	272	1	272	0.0	556
./24.fa.txt_orf470_rev	sp|Q12086|DIN7_YEAST	100.00	430	0	0	1	430	1	430	0.0	894
./24.fa.txt_orf471_rev	sp|P39010|AKR1_YEAST	100.00	764	0	0	1	764	1	764	0.0	1582
./24.fa.txt_orf472	sp|Q05568|PEX10_YEAST	100.00	337	0	0	1	337	1	337	0.0	702
./24.fa.txt_orf473_rev	sp|Q05580|HEL2_YEAST	100.00	639	0	0	1	639	1	639	0.0	1330
./24.fa.txt_orf474_rev	sp|Q05583|CIAO1_YEAST	100.00	330	0	0	1	330	1	330	0.0	667
./24.fa.txt_orf475	sp|P04803|SYWM_YEAST	100.00	379	0	0	1	379	1	379	0.0	789
./24.fa.txt_orf476	sp|P38995|ATU2_YEAST	100.00	1004	0	0	1	1004	1	1004	0.0	2058
./24.fa.txt_orf477	sp|Q05584|GLO2_YEAST	100.00	274	0	0	1	274	1	274	0.0	575
./24.fa.txt_orf478	sp|Q05610|DON1_YEAST	100.00	365	0	0	1	365	1	365	0.0	735
./24.fa.txt_orf479_rev	sp|P87283|YD274_YEAST	100.00	123	0	0	1	123	1	123	3e-86	246
./24.fa.txt_orf480	sp|Q05611|BSC2_YEAST	100.00	235	0	0	1	235	1	235	1e-174	480
./24.fa.txt_orf481_rev	sp|P35198|MTH1_YEAST	100.00	433	0	0	1	433	1	433	0.0	891
./24.fa.txt_orf482_rev	sp|Q05612|YD278_YEAST	100.00	105	0	0	1	105	1	105	3e-73	212
./24.fa.txt_orf483	sp|Q05635|RNH2B_YEAST	100.00	350	0	0	1	350	1	350	0.0	720
./24.fa.txt_orf484	sp|Q05636|RRP45_YEAST	100.00	305	0	0	1	305	1	305	0.0	628
./24.fa.txt_orf485_rev	sp|Q05637|PHM6_YEAST	100.00	104	0	0	1	104	1	104	3e-73	212
./24.fa.txt_orf486_rev	sp|Q05648|MRX10_YEAST	100.00	414	0	0	1	414	1	414	0.0	849
./24.fa.txt_orf487_rev	sp|P15442|GCN2_YEAST	100.00	1659	0	0	1	1659	1	1659	0.0	3417
./24.fa.txt_orf488_rev	sp|Q05521|DPP1_YEAST	100.00	289	0	0	1	289	1	289	0.0	593
./24.fa.txt_orf489	sp|P31111|ZIP1_YEAST	100.00	875	0	0	1	875	1	875	0.0	1761
./24.fa.txt_orf490_rev	sp|Q05530|YD286_YEAST	100.00	114	0	0	1	114	1	114	2e-82	236
./24.fa.txt_orf491	sp|Q05533|INM2_YEAST	100.00	292	0	0	1	292	1	292	0.0	607
./24.fa.txt_orf492	sp|Q05541|NSE3_YEAST	100.00	303	0	0	1	303	1	303	0.0	612
./24.fa.txt_orf493_rev	sp|Q05543|RT103_YEAST	100.00	409	0	0	1	409	1	409	0.0	833
./24.fa.txt_orf494	sp|Q05549|HRQ1_YEAST	100.00	1077	0	0	1	1077	1	1077	0.0	2246
./24.fa.txt_orf495_rev	sp|P32916|SRPR_YEAST	100.00	621	0	0	1	621	1	621	0.0	1281
./24.fa.txt_orf496_rev	sp|P24276|SSD1_YEAST	100.00	1250	0	0	1	1250	1	1250	0.0	2586
./24.fa.txt_orf497_rev	sp|Q05567|SGPL_YEAST	100.00	589	0	0	1	589	1	589	0.0	1227
./24.fa.txt_orf498_rev	sp|Q06629|HDA2_YEAST	100.00	674	0	0	1	674	1	674	0.0	1379
./24.fa.txt_orf499	sp|Q06630|MHR1_YEAST	100.00	226	0	0	1	226	1	226	3e-172	473
./24.fa.txt_orf500	sp|P38992|SUR2_YEAST	100.00	349	0	0	1	349	1	349	0.0	727
./24.fa.txt_orf501_rev	sp|P09457|ATPO_YEAST	100.00	212	0	0	1	212	1	212	6e-153	423
./24.fa.txt_orf502	sp|Q06631|BFR2_YEAST	100.00	534	0	0	1	534	1	534	0.0	1076
./24.fa.txt_orf503_rev	sp|P32264|PROB_YEAST	100.00	428	0	0	1	428	1	428	0.0	879
./24.fa.txt_orf504	sp|Q06632|CFT1_YEAST	100.00	1357	0	0	1	1357	1	1357	0.0	2796
./24.fa.txt_orf505	sp|Q06636|GPI11_YEAST	100.00	219	0	0	1	219	1	219	1e-161	446
./24.fa.txt_orf506_rev	sp|Q06639|RSC3_YEAST	100.00	885	0	0	1	885	1	885	0.0	1803
./24.fa.txt_orf507_rev	sp|P35176|CYPD_YEAST	100.00	225	0	0	1	225	1	225	7e-170	467
./24.fa.txt_orf508_rev	sp|P49775|HNT2_YEAST	100.00	153	0	0	1	153	54	206	8e-114	321
./24.fa.txt_orf509_rev	sp|Q06640|YD306_YEAST	100.00	478	0	0	1	478	1	478	0.0	987
./24.fa.txt_orf510	sp|Q06644|PMT7_YEAST	100.00	662	0	0	1	662	1	662	0.0	1358
./24.fa.txt_orf511_rev	sp|P47822|MED21_YEAST	100.00	140	0	0	1	140	1	140	3e-100	283
./24.fa.txt_orf512_rev	sp|Q06648|GIC2_YEAST	100.00	383	0	0	1	383	1	383	0.0	774
./24.fa.txt_orf513_rev	sp|P46676|SUM1_YEAST	100.00	1062	0	0	1	1062	1	1062	0.0	2172
./24.fa.txt_orf514	sp|P32776|TFB1_YEAST	100.00	642	0	0	1	642	1	642	0.0	1324
./24.fa.txt_orf515	sp|Q12153|SSF2_YEAST	100.00	453	0	0	1	453	1	453	0.0	923
./24.fa.txt_orf516_rev	sp|Q06651|PIB1_YEAST	100.00	286	0	0	1	286	1	286	0.0	595
./24.fa.txt_orf517_rev	sp|Q06665|RAD34_YEAST	100.00	692	0	0	1	692	1	692	0.0	1426
./24.fa.txt_orf518_rev	sp|Q06667|IPK1_YEAST	100.00	281	0	0	1	281	1	281	0.0	575
./24.fa.txt_orf519	sp|Q06668|OMS1_YEAST	100.00	471	0	0	1	471	1	471	0.0	964
./24.fa.txt_orf520	sp|P0CX65|YD14A_YEAST	100.00	440	0	0	1	440	1	440	0.0	909
./24.fa.txt_orf521	sp|P0C2I2|YD14B_YEAST	100.00	1155	0	0	1	1155	601	1755	0.0	2398
./24.fa.txt_orf522	sp|Q06674|HIM1_YEAST	100.00	414	0	0	1	414	1	414	0.0	852
./24.fa.txt_orf523	sp|Q06675|CENPO_YEAST	100.00	251	0	0	1	251	118	368	0.0	504
./24.fa.txt_orf524_rev	sp|Q06676|YFT2_YEAST	100.00	274	0	0	1	274	1	274	0.0	560
./24.fa.txt_orf525_rev	sp|Q06677|SWA2_YEAST	100.00	668	0	0	1	668	1	668	0.0	1353
./24.fa.txt_orf526	sp|P38986|ASPG1_YEAST	100.00	381	0	0	1	381	1	381	0.0	781
./24.fa.txt_orf527	sp|Q06678|RM35_YEAST	100.00	367	0	0	1	367	1	367	0.0	755
./24.fa.txt_orf528_rev	sp|P32609|PEP7_YEAST	100.00	515	0	0	1	515	1	515	0.0	1058
./24.fa.txt_orf529_rev	sp|Q06679|UTP4_YEAST	100.00	776	0	0	1	776	1	776	0.0	1585
./24.fa.txt_orf530	sp|Q06680|CND3_YEAST	100.00	1035	0	0	1	1035	1	1035	0.0	2110
./24.fa.txt_orf531_rev	sp|Q06681|YSP2_YEAST	100.00	1438	0	0	1	1438	1	1438	0.0	2937
./24.fa.txt_orf532_rev	sp|P52286|SKP1_YEAST	100.00	194	0	0	1	194	1	194	3e-141	392
./24.fa.txt_orf533_rev	sp|P28795|PEX3_YEAST	100.00	441	0	0	1	441	1	441	0.0	904
./24.fa.txt_orf534	sp|Q06682|UBX5_YEAST	100.00	500	0	0	1	500	1	500	0.0	1026
./24.fa.txt_orf535	sp|P49018|GPI8_YEAST	100.00	411	0	0	1	411	1	411	0.0	851
./24.fa.txt_orf536	sp|Q06683|IRC3_YEAST	100.00	689	0	0	1	689	1	689	0.0	1429
./24.fa.txt_orf537_rev	sp|Q05468|RQC1_YEAST	100.00	723	0	0	1	723	1	723	0.0	1492
./24.fa.txt_orf538	sp|Q05471|SWR1_YEAST	100.00	1514	0	0	1	1514	1	1514	0.0	3137
./24.fa.txt_orf539	sp|P52918|MSN5_YEAST	100.00	1224	0	0	1	1224	1	1224	0.0	2519
./24.fa.txt_orf540	sp|Q05473|MRX8_YEAST	100.00	314	0	0	1	314	1	314	0.0	647
./24.fa.txt_orf541	sp|P21771|RT28_YEAST	100.00	286	0	0	1	286	1	286	0.0	585
./24.fa.txt_orf542_rev	sp|Q05497|YD338_YEAST	100.00	695	0	0	1	695	1	695	0.0	1431
./24.fa.txt_orf543_rev	sp|Q05498|FCF1_YEAST	100.00	189	0	0	1	189	1	189	2e-140	389
./24.fa.txt_orf545_rev	sp|Q05506|SYRC_YEAST	100.00	607	0	0	1	607	1	607	0.0	1259
./24.fa.txt_orf546_rev	sp|P39004|HXT7_YEAST	100.00	570	0	0	1	570	1	570	0.0	1168
./24.fa.txt_orf547_rev	sp|P39003|HXT6_YEAST	100.00	570	0	0	1	570	1	570	0.0	1169
./24.fa.txt_orf548_rev	sp|Q05510|YD344_YEAST	100.00	147	0	0	1	147	1	147	3e-110	309
./24.fa.txt_orf549_rev	sp|P32466|HXT3_YEAST	100.00	567	0	0	1	567	1	567	0.0	1166
./24.fa.txt_orf550_rev	sp|Q05515|SVF1_YEAST	100.00	481	0	0	1	481	1	481	0.0	986
./24.fa.txt_orf551	sp|P10662|RT01_YEAST	100.00	321	0	0	1	321	1	321	0.0	668
./24.fa.txt_orf552_rev	sp|Q05518|PAL1_YEAST	100.00	499	0	0	1	499	1	499	0.0	1017
./24.fa.txt_orf553_rev	sp|Q06325|YPS7_YEAST	100.00	596	0	0	1	596	1	596	0.0	1206
./24.fa.txt_orf554_rev	sp|P50273|ATP22_YEAST	100.00	684	0	0	1	684	1	684	0.0	1414
./24.fa.txt_orf555	sp|P42223|SBE2_YEAST	100.00	864	0	0	1	864	1	864	0.0	1786
./24.fa.txt_orf556	sp|Q06328|YPQ2_YEAST	100.00	317	0	0	1	317	1	317	0.0	648
./24.fa.txt_orf557	sp|P29509|TRXB1_YEAST	100.00	319	0	0	1	319	1	319	0.0	658
./24.fa.txt_orf558	sp|P07285|TRPD_YEAST	100.00	380	0	0	1	380	1	380	0.0	776
./24.fa.txt_orf559	sp|P32380|SP110_YEAST	100.00	944	0	0	1	944	1	944	0.0	1853
./24.fa.txt_orf560_rev	sp|Q06333|BL1S4_YEAST	100.00	122	0	0	1	122	1	122	1e-87	250
./24.fa.txt_orf561	sp|Q06336|GGA1_YEAST	100.00	557	0	0	1	557	1	557	0.0	1134
./24.fa.txt_orf562_rev	sp|Q06337|EAF1_YEAST	100.00	982	0	0	1	982	1	982	0.0	2023
./24.fa.txt_orf563_rev	sp|Q06338|BCP1_YEAST	100.00	283	0	0	1	283	1	283	0.0	578
./24.fa.txt_orf564_rev	sp|Q06339|TFC6_YEAST	100.00	672	0	0	1	672	1	672	0.0	1391
./24.fa.txt_orf565	sp|Q06340|ESC2_YEAST	100.00	456	0	0	1	456	1	456	0.0	923
./24.fa.txt_orf566_rev	sp|P40968|PRP17_YEAST	100.00	455	0	0	1	455	1	455	0.0	946
./24.fa.txt_orf567_rev	sp|Q06344|ESF1_YEAST	100.00	628	0	0	1	628	1	628	0.0	1269
./24.fa.txt_orf568	sp|P0CX70|YD15A_YEAST	100.00	440	0	0	1	440	1	440	0.0	911
./24.fa.txt_orf569	sp|P0C2I3|YD15B_YEAST	100.00	1155	0	0	1	1155	601	1755	0.0	2395
./24.fa.txt_orf570_rev	sp|P87287|YD366_YEAST	100.00	132	0	0	1	132	1	132	3e-90	257
./24.fa.txt_orf571	sp|Q06346|KEI1_YEAST	100.00	206	0	0	1	206	16	221	2e-153	424
./24.fa.txt_orf572	sp|Q12458|YPR1_YEAST	100.00	312	0	0	1	312	1	312	0.0	642
./24.fa.txt_orf573_rev	sp|P33301|XRS2_YEAST	100.00	854	0	0	1	854	1	854	0.0	1748
./24.fa.txt_orf574_rev	sp|Q06349|DXO1_YEAST	100.00	442	0	0	1	442	1	442	0.0	921
./24.fa.txt_orf575	sp|Q06350|CHI2_YEAST	100.00	511	0	0	1	511	1	511	0.0	1056
./24.fa.txt_orf576_rev	sp|Q06385|VPS74_YEAST	100.00	345	0	0	1	345	1	345	0.0	702
./24.fa.txt_orf577	sp|Q06389|NCS1_YEAST	100.00	190	0	0	1	190	1	190	1e-142	395
./24.fa.txt_orf578_rev	sp|Q06390|MRB1_YEAST	100.00	306	0	0	1	306	1	306	0.0	627
./24.fa.txt_orf579_rev	sp|P32839|BCS1_YEAST	100.00	456	0	0	1	456	1	456	0.0	949
./24.fa.txt_orf580	sp|P48360|ADRO_YEAST	100.00	493	0	0	1	493	1	493	0.0	1015
./24.fa.txt_orf581	sp|Q06405|ATPK_YEAST	100.00	101	0	0	1	101	1	101	9e-72	208
./24.fa.txt_orf582_rev	sp|Q06406|LSM6_YEAST	100.00	86	0	0	38	123	1	86	4e-58	174
./24.fa.txt_orf583	sp|Q06407|RGA2_YEAST	100.00	1009	0	0	1	1009	1	1009	0.0	2066
./24.fa.txt_orf584	sp|Q06408|ARO10_YEAST	100.00	635	0	0	1	635	1	635	0.0	1322
./24.fa.txt_orf585	sp|Q12159|YRA1_YEAST	100.00	106	0	0	1	106	121	226	1e-71	212
./24.fa.txt_orf586	sp|P02400|RLA4_YEAST	100.00	110	0	0	1	110	1	110	5e-71	207
./24.fa.txt_orf587_rev	sp|Q12493|NKP1_YEAST	100.00	238	0	0	15	252	1	238	5e-170	469
./24.fa.txt_orf588_rev	sp|Q12359|ATO3_YEAST	100.00	275	0	0	1	275	1	275	0.0	558
./24.fa.txt_orf589	sp|P32324|EF2_YEAST	100.00	842	0	0	1	842	1	842	0.0	1739
./24.fa.txt_orf590	sp|Q04149|MUS81_YEAST	100.00	632	0	0	1	632	1	632	0.0	1308
./24.fa.txt_orf591_rev	sp|Q04162|YD387_YEAST	100.00	555	0	0	1	555	1	555	0.0	1128
./24.fa.txt_orf592	sp|P39743|RV167_YEAST	100.00	482	0	0	1	482	1	482	0.0	987
./24.fa.txt_orf593	sp|P17121|SAC7_YEAST	100.00	654	0	0	1	654	1	654	0.0	1335
./24.fa.txt_orf594_rev	sp|P52488|UBA2_YEAST	100.00	636	0	0	1	636	1	636	0.0	1303
./24.fa.txt_orf595_rev	sp|Q04170|YD391_YEAST	100.00	232	0	0	1	232	1	232	1e-175	482
./24.fa.txt_orf596	sp|P06844|SPT3_YEAST	100.00	337	0	0	1	337	1	337	0.0	699
./24.fa.txt_orf597	sp|Q04172|SHE9_YEAST	100.00	456	0	0	1	456	1	456	0.0	934
./24.fa.txt_orf598	sp|P33298|PRS6B_YEAST	100.00	428	0	0	1	428	1	428	0.0	865
./24.fa.txt_orf599	sp|Q04175|SXM1_YEAST	100.00	944	0	0	1	944	1	944	0.0	1924
./24.fa.txt_orf601	sp|Q04177|UTP5_YEAST	100.00	643	0	0	1	643	1	643	0.0	1323
./24.fa.txt_orf602	sp|Q04178|HPRT_YEAST	100.00	221	0	0	1	221	1	221	2e-167	461
./24.fa.txt_orf603	sp|Q04179|URH1_YEAST	100.00	340	0	0	39	378	1	340	0.0	709
./24.fa.txt_orf604_rev	sp|P21595|CP56_YEAST	100.00	489	0	0	1	489	1	489	0.0	1011
./24.fa.txt_orf605	sp|P21623|DIT1_YEAST	100.00	536	0	0	1	536	1	536	0.0	1114
./24.fa.txt_orf606_rev	sp|P34087|RPB7_YEAST	100.00	171	0	0	1	171	1	171	2e-126	352
./24.fa.txt_orf607	sp|P32387|RM41_YEAST	100.00	263	0	0	1	263	1	263	0.0	548
./24.fa.txt_orf608	sp|Q04182|PDR15_YEAST	100.00	1529	0	0	1	1529	1	1529	0.0	3204
./24.fa.txt_orf609_rev	sp|Q04183|TR120_YEAST	100.00	1289	0	0	1	1289	1	1289	0.0	2635
./24.fa.txt_orf610_rev	sp|P04161|PUR3_YEAST	100.00	214	0	0	1	214	1	214	1e-159	440
./24.fa.txt_orf611	sp|Q04195|SIZ1_YEAST	100.00	904	0	0	1	904	1	904	0.0	1842
./24.fa.txt_orf612_rev	sp|P32584|STE14_YEAST	100.00	239	0	0	1	239	1	239	5e-178	489
./24.fa.txt_orf613_rev	sp|Q12743|DFM1_YEAST	100.00	341	0	0	1	341	1	341	0.0	699
./24.fa.txt_orf614	sp|Q04031|RRP17_YEAST	100.00	235	0	0	1	235	1	235	3e-171	471
./24.fa.txt_orf615_rev	sp|P16151|ERD1_YEAST	100.00	362	0	0	1	362	1	362	0.0	734
./24.fa.txt_orf616_rev	sp|Q04033|YD415_YEAST	100.00	374	0	0	1	374	1	374	0.0	780
./24.fa.txt_orf617	sp|Q04048|SYF1_YEAST	100.00	859	0	0	1	859	1	859	0.0	1773
./24.fa.txt_orf618	sp|P0CX54|RL12B_YEAST	100.00	165	0	0	1	165	1	165	8e-119	332
./24.fa.txt_orf619	sp|Q04049|POLH_YEAST	100.00	632	0	0	1	632	1	632	0.0	1307
./24.fa.txt_orf620	sp|P41809|HKR1_YEAST	100.00	1802	0	0	1	1802	1	1802	0.0	3469
./24.fa.txt_orf621	sp|Q04052|ARO80_YEAST	100.00	950	0	0	1	950	1	950	0.0	1964
./24.fa.txt_orf622_rev	sp|P32578|SIP1_YEAST	100.00	815	0	0	49	863	1	815	0.0	1684
./24.fa.txt_orf623_rev	sp|P24813|AP2_YEAST	100.00	409	0	0	1	409	1	409	0.0	847
./24.fa.txt_orf624	sp|Q04053|SNX41_YEAST	100.00	625	0	0	1	625	1	625	0.0	1262
./24.fa.txt_orf625	sp|Q04062|RPN9_YEAST	100.00	393	0	0	1	393	1	393	0.0	794
./24.fa.txt_orf626_rev	sp|Q04066|KFA_YEAST	100.00	261	0	0	1	261	1	261	0.0	545
./24.fa.txt_orf627_rev	sp|Q04067|EIF3G_YEAST	100.00	274	0	0	1	274	1	274	0.0	563
./24.fa.txt_orf628_rev	sp|P32898|CYM1_YEAST	100.00	989	0	0	1	989	1	989	0.0	2047
./24.fa.txt_orf629	sp|Q01560|NOP3_YEAST	100.00	414	0	0	1	414	1	414	0.0	816
./24.fa.txt_orf630	sp|Q04080|GPI17_YEAST	100.00	534	0	0	1	534	1	534	0.0	1099
./24.fa.txt_orf631_rev	sp|Q04081|LCMT1_YEAST	100.00	328	0	0	1	328	1	328	0.0	682
./24.fa.txt_orf632	sp|P33329|PPZ2_YEAST	100.00	710	0	0	1	710	1	710	0.0	1461
./24.fa.txt_orf633	sp|Q04082|GPI19_YEAST	100.00	140	0	0	1	140	1	140	8e-101	285
./24.fa.txt_orf634	sp|Q04083|THI74_YEAST	100.00	370	0	0	1	370	1	370	0.0	741
./24.fa.txt_orf635	sp|Q04087|LRS4_YEAST	100.00	347	0	0	1	347	1	347	0.0	693
./24.fa.txt_orf636	sp|Q04089|DOT1_YEAST	100.00	582	0	0	1	582	1	582	0.0	1203
./24.fa.txt_orf637_rev	sp|P36973|APT2_YEAST	100.00	181	0	0	1	181	1	181	5e-130	362
./24.fa.txt_orf638_rev	sp|P38931|SSN2_YEAST	100.00	1420	0	0	1	1420	1	1420	0.0	2927
./24.fa.txt_orf639	sp|Q04093|YD444_YEAST	100.00	687	0	0	1	687	1	687	0.0	1415
./24.fa.txt_orf640	sp|Q04110|ECM11_YEAST	100.00	302	0	0	1	302	1	302	0.0	608
./24.fa.txt_orf641	sp|Q02336|ADA2_YEAST	100.00	434	0	0	1	434	1	434	0.0	909
./24.fa.txt_orf642_rev	sp|Q02354|UTP6_YEAST	100.00	440	0	0	1	440	1	440	0.0	903
./24.fa.txt_orf643_rev	sp|Q04116|YHP1_YEAST	100.00	353	0	0	1	353	1	353	0.0	725
./24.fa.txt_orf644	sp|Q04119|PPN1_YEAST	100.00	674	0	0	1	674	1	674	0.0	1394
./24.fa.txt_orf645_rev	sp|Q04120|TSA2_YEAST	100.00	196	0	0	1	196	1	196	6e-145	401
./24.fa.txt_orf646_rev	sp|P15454|KGUA_YEAST	100.00	187	0	0	1	187	1	187	5e-138	383
./24.fa.txt_orf647	sp|Q04121|NHX1_YEAST	100.00	633	0	0	1	633	1	633	0.0	1287
./24.fa.txt_orf648	sp|Q03280|TOM1_YEAST	100.00	3268	0	0	1	3268	1	3268	0.0	6721
./24.fa.txt_orf649_rev	sp|Q03281|HEH2_YEAST	100.00	663	0	0	1	663	1	663	0.0	1353
./24.fa.txt_orf650_rev	sp|Q03289|PFA5_YEAST	100.00	374	0	0	1	374	1	374	0.0	777
./24.fa.txt_orf651	sp|Q03290|TFB3_YEAST	100.00	321	0	0	1	321	1	321	0.0	654
./24.fa.txt_orf652	sp|P36527|RM28_YEAST	100.00	147	0	0	1	147	1	147	3e-107	301
./24.fa.txt_orf653	sp|Q00947|STP1_YEAST	100.00	519	0	0	59	577	1	519	0.0	1078
./24.fa.txt_orf654	sp|P38904|SPP41_YEAST	100.00	1435	0	0	1	1435	1	1435	0.0	2901
./24.fa.txt_orf655_rev	sp|Q03305|RMT2_YEAST	100.00	412	0	0	1	412	1	412	0.0	854
./24.fa.txt_orf656	sp|Q03306|PKH3_YEAST	100.00	898	0	0	1	898	1	898	0.0	1851
./24.fa.txt_orf657_rev	sp|Q03322|TLG1_YEAST	100.00	224	0	0	1	224	1	224	6e-165	454
./24.fa.txt_orf658	sp|Q03323|SDC1_YEAST	100.00	175	0	0	1	175	1	175	5e-127	354
./24.fa.txt_orf659_rev	sp|Q03327|UGO1_YEAST	100.00	502	0	0	1	502	1	502	0.0	1034
./24.fa.txt_orf660	sp|Q03337|TRS31_YEAST	100.00	283	0	0	1	283	1	283	0.0	588
./24.fa.txt_orf661_rev	sp|Q03338|PRP3_YEAST	100.00	469	0	0	1	469	1	469	0.0	971
./24.fa.txt_orf662_rev	sp|Q03361|JIP4_YEAST	100.00	876	0	0	1	876	1	876	0.0	1795
./24.fa.txt_orf663_rev	sp|Q03362|YD476_YEAST	100.00	224	0	0	1	224	1	224	1e-165	456
./24.fa.txt_orf664	sp|P06782|SNF1_YEAST	100.00	633	0	0	1	633	1	633	0.0	1318
./24.fa.txt_orf665	sp|P40993|RMRP_YEAST	100.00	198	0	0	1	198	1	198	8e-146	404
./24.fa.txt_orf666_rev	sp|Q03370|PEX29_YEAST	100.00	554	0	0	1	554	1	554	0.0	1141
./24.fa.txt_orf667	sp|Q03373|DIG2_YEAST	100.00	323	0	0	1	323	1	323	0.0	672
./24.fa.txt_orf668_rev	sp|P11491|PPB_YEAST	100.00	566	0	0	1	566	1	566	0.0	1175
./24.fa.txt_orf669_rev	sp|Q03375|CWC21_YEAST	100.00	135	0	0	1	135	1	135	5e-96	272
./24.fa.txt_orf670	sp|P27809|KRE2_YEAST	100.00	442	0	0	1	442	1	442	0.0	924
./24.fa.txt_orf671	sp|P39904|VPS52_YEAST	100.00	641	0	0	1	641	1	641	0.0	1310
./24.fa.txt_orf672_rev	sp|Q03388|VPS72_YEAST	100.00	795	0	0	16	810	1	795	0.0	1625
./24.fa.txt_orf673_rev	sp|Q03390|VPS60_YEAST	100.00	229	0	0	34	262	1	229	3e-163	452
./24.fa.txt_orf674_rev	sp|Q99258|RIB3_YEAST	100.00	208	0	0	1	208	1	208	3e-157	433
./24.fa.txt_orf675_rev	sp|P40960|PAC11_YEAST	100.00	533	0	0	1	533	1	533	0.0	1109
./24.fa.txt_orf676	sp|Q03406|SLD5_YEAST	100.00	294	0	0	1	294	1	294	0.0	601
./24.fa.txt_orf677_rev	sp|Q03407|PKH1_YEAST	100.00	766	0	0	1	766	1	766	0.0	1595
./24.fa.txt_orf678	sp|Q03419|IZH1_YEAST	100.00	316	0	0	1	316	1	316	0.0	651
./24.fa.txt_orf679	sp|Q03429|MZM1_YEAST	100.00	123	0	0	1	123	1	123	7e-90	256
./24.fa.txt_orf680	sp|Q03430|RSM28_YEAST	100.00	361	0	0	1	361	1	361	0.0	742
./24.fa.txt_orf681_rev	sp|P23643|VPS3_YEAST	100.00	1011	0	0	1	1011	1	1011	0.0	2042
./24.fa.txt_orf682_rev	sp|Q04373|PUF6_YEAST	100.00	656	0	0	1	656	1	656	0.0	1338
./24.fa.txt_orf683_rev	sp|P30605|ITR1_YEAST	100.00	584	0	0	1	584	1	584	0.0	1191
./24.fa.txt_orf684_rev	sp|P28791|SEC20_YEAST	100.00	383	0	0	1	383	1	383	0.0	781
./24.fa.txt_orf685	sp|Q04377|LCD1_YEAST	100.00	747	0	0	1	747	1	747	0.0	1531
./24.fa.txt_orf686	sp|Q04383|PLM2_YEAST	100.00	521	0	0	1	521	1	521	0.0	1065
./24.fa.txt_orf687_rev	sp|P19358|METK2_YEAST	100.00	384	0	0	1	384	1	384	0.0	791
./24.fa.txt_orf688_rev	sp|Q04396|LPP1_YEAST	100.00	274	0	0	1	274	1	274	0.0	565
./24.fa.txt_orf689_rev	sp|Q04398|SPG3_YEAST	100.00	127	0	0	1	127	1	127	3e-86	246
./24.fa.txt_orf690_rev	sp|P50896|PSP1_YEAST	100.00	841	0	0	1	841	1	841	0.0	1716
./24.fa.txt_orf691_rev	sp|Q04399|GMC1_YEAST	100.00	608	0	0	1	608	1	608	0.0	1269
./24.fa.txt_orf692_rev	sp|Q12263|GIN4_YEAST	100.00	1142	0	0	1	1142	1	1142	0.0	2323
./24.fa.txt_orf693_rev	sp|P48813|GNP1_YEAST	100.00	663	0	0	1	663	1	663	0.0	1375
./24.fa.txt_orf694	sp|Q12306|SMT3_YEAST	100.00	101	0	0	1	101	1	101	5e-72	209
./24.fa.txt_orf695	sp|Q04401|SDHF3_YEAST	100.00	133	0	0	1	133	1	133	4e-97	275
./24.fa.txt_orf696_rev	sp|Q04406|EMI1_YEAST	100.00	187	0	0	1	187	1	187	2e-140	389
./24.fa.txt_orf697	sp|P17695|GLRX2_YEAST	100.00	143	0	0	1	143	1	143	2e-103	291
./24.fa.txt_orf698_rev	sp|Q04408|YD514_YEAST	100.00	483	0	0	1	483	1	483	0.0	1009
./24.fa.txt_orf699	sp|Q12034|SLF1_YEAST	100.00	447	0	0	1	447	1	447	0.0	904
./24.fa.txt_orf700_rev	sp|Q04409|EMI2_YEAST	100.00	500	0	0	1	500	1	500	0.0	1034
./24.fa.txt_orf701	sp|Q04410|GRH1_YEAST	100.00	372	0	0	1	372	1	372	0.0	770
./24.fa.txt_orf702	sp|P32474|EUG1_YEAST	100.00	517	0	0	1	517	1	517	0.0	1064
./24.fa.txt_orf703	sp|P32472|FKBP2_YEAST	100.00	135	0	0	1	135	1	135	1e-95	271
./24.fa.txt_orf704_rev	sp|Q04411|URC2_YEAST	100.00	772	0	0	1	772	1	772	0.0	1602
./24.fa.txt_orf705_rev	sp|P08459|SPS2_YEAST	100.00	502	0	0	1	502	1	502	0.0	1004
./24.fa.txt_orf706_rev	sp|P08458|SPS1_YEAST	100.00	490	0	0	1	490	1	490	0.0	1016
./24.fa.txt_orf707_rev	sp|Q04412|AGE1_YEAST	100.00	482	0	0	1	482	1	482	0.0	993
./24.fa.txt_orf708	sp|Q04413|API2_YEAST	100.00	109	0	0	1	109	1	109	3e-77	223
./24.fa.txt_orf709	sp|Q04418|RBA50_YEAST	100.00	439	0	0	1	439	1	439	0.0	904
./24.fa.txt_orf710	sp|Q04429|HLR1_YEAST	100.00	423	0	0	1	423	1	423	0.0	860
./24.fa.txt_orf711_rev	sp|P00128|QCR7_YEAST	100.00	127	0	0	1	127	1	127	1e-91	261
./24.fa.txt_orf712_rev	sp|P22108|APA2_YEAST	100.00	325	0	0	1	325	1	325	0.0	676
./24.fa.txt_orf713	sp|Q04430|PANK_YEAST	100.00	367	0	0	1	367	1	367	0.0	757
./24.fa.txt_orf714_rev	sp|Q04431|KRE28_YEAST	100.00	385	0	0	1	385	1	385	0.0	771
./24.fa.txt_orf715_rev	sp|Q04432|HSP31_YEAST	100.00	237	0	0	1	237	1	237	1e-174	480
./24.fa.txt_orf716_rev	sp|Q04433|FIT1_YEAST	100.00	528	0	0	1	528	1	528	0.0	970
./24.fa.txt_orf717	sp|P39932|STL1_YEAST	100.00	569	0	0	1	569	1	569	0.0	1178
./24.fa.txt_orf718	sp|P33751|PAD1_YEAST	100.00	242	0	0	1	242	1	242	3e-180	494
./24.fa.txt_orf719	sp|Q03034|FDC1_YEAST	100.00	503	0	0	1	503	1	503	0.0	1042
./24.fa.txt_orf720_rev	sp|Q03036|IRC4_YEAST	100.00	179	0	0	1	179	1	179	6e-130	362
./24.fa.txt_orf721_rev	sp|Q03049|YD541_YEAST	100.00	344	0	0	1	344	1	344	0.0	714
./24.fa.txt_orf722	sp|Q03050|PAU10_YEAST	100.00	120	0	0	1	120	1	120	3e-85	243
./24.fa.txt_orf724	sp|P0CX20|YRF11_YEAST	100.00	1796	0	0	1	1796	1	1796	0.0	3749
